17:50:09,828 DEBUG InternalLoggerFactory:89 - Using Log4J as the default logging framework
17:50:09,834 DEBUG ResourceLeakDetector:129 - -Dio.netty.leakDetection.level: simple
17:50:09,834 DEBUG ResourceLeakDetector:130 - -Dio.netty.leakDetection.targetRecords: 4
17:50:09,838 DEBUG ResourceLeakDetectorFactory:196 - Loaded default ResourceLeakDetector: io.netty.util.ResourceLeakDetector@467e3ca5
17:50:09,854 DEBUG PlatformDependent0:496 - -Dio.netty.noUnsafe: false
17:50:09,854 DEBUG PlatformDependent0:1000 - Java version: 8
17:50:09,855 DEBUG PlatformDependent0:137 - sun.misc.Unsafe.theUnsafe: available
17:50:09,855 DEBUG PlatformDependent0:161 - sun.misc.Unsafe.copyMemory: available
17:50:09,856 DEBUG PlatformDependent0:193 - sun.misc.Unsafe.storeFence: available
17:50:09,856 DEBUG PlatformDependent0:236 - java.nio.Buffer.address: available
17:50:09,857 DEBUG PlatformDependent0:307 - direct buffer constructor: available
17:50:09,857 DEBUG PlatformDependent0:385 - java.nio.Bits.unaligned: available, true
17:50:09,857 DEBUG PlatformDependent0:459 - jdk.internal.misc.Unsafe.allocateUninitializedArray(int): unavailable prior to Java9
17:50:09,858 DEBUG PlatformDependent0:482 - java.nio.DirectByteBuffer.<init>(long, int): available
17:50:09,858 DEBUG PlatformDependent:1159 - sun.misc.Unsafe: available
17:50:09,859 DEBUG PlatformDependent:1289 - -Dio.netty.tmpdir: C:\Users\SCHOUD~1\AppData\Local\Temp (java.io.tmpdir)
17:50:09,859 DEBUG PlatformDependent:1368 - -Dio.netty.bitMode: 64 (sun.arch.data.model)
17:50:09,860 DEBUG PlatformDependent:1119 - Platform: Windows
17:50:09,860 DEBUG PlatformDependent:178 - -Dio.netty.maxDirectMemory: 3745513472 bytes
17:50:09,861 DEBUG PlatformDependent:185 - -Dio.netty.uninitializedArrayAllocationThreshold: -1
17:50:09,861 DEBUG CleanerJava6:92 - java.nio.ByteBuffer.cleaner(): available
17:50:09,862 DEBUG PlatformDependent:205 - -Dio.netty.noPreferDirect: false
17:50:09,869 DEBUG PlatformDependent:1010 - org.jctools-core.MpscChunkedArrayQueue: available
17:50:09,884 DEBUG InternalThreadLocalMap:100 - -Dio.netty.threadLocalMap.stringBuilder.initialSize: 1024
17:50:09,884 DEBUG InternalThreadLocalMap:101 - -Dio.netty.threadLocalMap.stringBuilder.maxSize: 4096
17:50:10,173 DEBUG JdkSslContext:83 - Default protocols (JDK): [TLSv1.2] 
17:50:10,173 DEBUG JdkSslContext:84 - Default cipher suites (JDK): [TLS_ECDHE_ECDSA_WITH_AES_256_GCM_SHA384, TLS_ECDHE_ECDSA_WITH_AES_128_GCM_SHA256, TLS_ECDHE_RSA_WITH_AES_128_GCM_SHA256, TLS_ECDHE_RSA_WITH_AES_256_GCM_SHA384, TLS_ECDHE_RSA_WITH_AES_128_CBC_SHA, TLS_ECDHE_RSA_WITH_AES_256_CBC_SHA, TLS_RSA_WITH_AES_128_GCM_SHA256, TLS_RSA_WITH_AES_128_CBC_SHA, TLS_RSA_WITH_AES_256_CBC_SHA, TLS_AES_128_GCM_SHA256, TLS_AES_256_GCM_SHA384]
17:50:10,181 DEBUG GlobalEventExecutor:53 - -Dio.netty.globalEventExecutor.quietPeriodSeconds: 1
17:50:10,191 DEBUG MultithreadEventLoopGroup:44 - -Dio.netty.eventLoopThreads: 16
17:50:10,198 DEBUG NioEventLoop:110 - -Dio.netty.noKeySetOptimization: false
17:50:10,198 DEBUG NioEventLoop:111 - -Dio.netty.selectorAutoRebuildThreshold: 512
17:50:10,225 DEBUG PooledByteBufAllocator:157 - -Dio.netty.allocator.numHeapArenas: 16
17:50:10,225 DEBUG PooledByteBufAllocator:158 - -Dio.netty.allocator.numDirectArenas: 16
17:50:10,226 DEBUG PooledByteBufAllocator:160 - -Dio.netty.allocator.pageSize: 8192
17:50:10,226 DEBUG PooledByteBufAllocator:165 - -Dio.netty.allocator.maxOrder: 9
17:50:10,226 DEBUG PooledByteBufAllocator:169 - -Dio.netty.allocator.chunkSize: 4194304
17:50:10,226 DEBUG PooledByteBufAllocator:170 - -Dio.netty.allocator.smallCacheSize: 256
17:50:10,226 DEBUG PooledByteBufAllocator:171 - -Dio.netty.allocator.normalCacheSize: 64
17:50:10,226 DEBUG PooledByteBufAllocator:172 - -Dio.netty.allocator.maxCachedBufferCapacity: 32768
17:50:10,226 DEBUG PooledByteBufAllocator:173 - -Dio.netty.allocator.cacheTrimInterval: 8192
17:50:10,226 DEBUG PooledByteBufAllocator:174 - -Dio.netty.allocator.cacheTrimIntervalMillis: 0
17:50:10,226 DEBUG PooledByteBufAllocator:175 - -Dio.netty.allocator.useCacheForAllThreads: false
17:50:10,226 DEBUG PooledByteBufAllocator:176 - -Dio.netty.allocator.maxCachedByteBuffersPerChunk: 1023
17:50:10,234 DEBUG ByteBufUtil:88 - -Dio.netty.allocator.type: pooled
17:50:10,235 DEBUG ByteBufUtil:97 - -Dio.netty.threadLocalDirectBufferSize: 0
17:50:10,235 DEBUG ByteBufUtil:100 - -Dio.netty.maxThreadLocalCharBufferSize: 16384
17:50:10,488 DEBUG DefaultChannelId:79 - -Dio.netty.processId: 22372 (auto-detected)
17:50:10,490 DEBUG NetUtil:148 - -Djava.net.preferIPv4Stack: false
17:50:10,491 DEBUG NetUtil:149 - -Djava.net.preferIPv6Addresses: false
17:50:10,589 DEBUG NetUtilInitializations:145 - Loopback interface: lo (Software Loopback Interface 1, 127.0.0.1)
17:50:10,590 DEBUG NetUtil:206 - Failed to get SOMAXCONN from sysctl and file \proc\sys\net\core\somaxconn. Default: 200
17:50:10,596 DEBUG DefaultChannelId:101 - -Dio.netty.machineId: 5c:ba:ef:ff:fe:5d:68:d5 (auto-detected)
17:50:10,632 DEBUG AbstractByteBuf:63 - -Dio.netty.buffer.checkAccessible: true
17:50:10,632 DEBUG AbstractByteBuf:64 - -Dio.netty.buffer.checkBounds: true
17:50:10,632 DEBUG ResourceLeakDetectorFactory:196 - Loaded default ResourceLeakDetector: io.netty.util.ResourceLeakDetector@65376c3
17:50:10,650 DEBUG Recycler:96 - -Dio.netty.recycler.maxCapacityPerThread: 4096
17:50:10,651 DEBUG Recycler:97 - -Dio.netty.recycler.ratio: 8
17:50:10,651 DEBUG Recycler:98 - -Dio.netty.recycler.chunkSize: 32
17:50:10,651 DEBUG Recycler:99 - -Dio.netty.recycler.blocking: false
17:50:10,651 DEBUG Recycler:100 - -Dio.netty.recycler.batchFastThreadLocalOnly: true
17:50:11,259 DEBUG Brotli:38 - brotli4j not in the classpath; Brotli support will be unavailable.
17:50:11,336 DEBUG ThreadLocalRandom:214 - -Dio.netty.initialSeedUniquifier: 0x7858311654163692
17:50:11,367  INFO devpinoyLogger:54 - Chrome browser opened
17:50:11,509  INFO devpinoyLogger:90 - browser is maximised
17:50:11,524  INFO devpinoyLogger:92 - cookies cleared
17:50:37,034  INFO devpinoyLogger:97 - https://noc-dev.smartac.com/ app opened
17:50:40,217  INFO devpinoyLogger:54 - Chrome browser opened
17:50:40,334  INFO devpinoyLogger:90 - browser is maximised
17:50:40,340  INFO devpinoyLogger:92 - cookies cleared
